<testsuites name="results">
  <testsuite name="all" package="all">
    <property name="random_seed" value="1717629787" />
    <testcase name="run_test_tx_001" classname="test_eth_mac_10g" file="/home/joseantonio/.cache/pypoetry/virtualenvs/eth-mac-10g-edit-QF52MYIg-py3.10/lib/python3.10/site-packages/cocotb/regression.py" lineno="731" time="153.474050283432" sim_time_ns="12539955.2" ratio_time="81707.33213101189">
      <failure message="Test failed with RANDOM_SEED=1717629787" />
    </testcase>
    <testcase name="run_test_tx_002" classname="test_eth_mac_10g" file="/home/joseantonio/.cache/pypoetry/virtualenvs/eth-mac-10g-edit-QF52MYIg-py3.10/lib/python3.10/site-packages/cocotb/regression.py" lineno="731" time="0" sim_time_ns="0" ratio_time="nan">
      <failure message="Test failed with RANDOM_SEED=1717629787" />
    </testcase>
  </testsuite>
</testsuites>
